<?xml version="1.0" encoding="UTF-8"?>
<!-- Generated by org.testng.reporters.JUnitXMLReporter -->
<testsuite ignored="0" hostname="DESKTOP-VB773BA" failures="1" tests="2" name="Free CRM App Test Cases" time="19.211" errors="0" timestamp="2025-04-12T16:03:16 IST">
  <testcase classname="com.crm.qa.testcases.LoginPageTest" name="pageTitleTest" time="0.09">
    <failure type="java.lang.AssertionError" message="expected [Let&amp;apos;s shop] but found [Let&amp;apos;s Shop]">
      <![CDATA[java.lang.AssertionError: expected [Let's shop] but found [Let's Shop]
at com.crm.qa.testcases.LoginPageTest.pageTitleTest(LoginPageTest.java:28)
at java.base/java.util.ArrayList.forEach(ArrayList.java:1511)
... Removed 31 stack frames]]>
    </failure>
  </testcase> <!-- pageTitleTest -->
  <testcase classname="com.crm.qa.testcases.LoginPageTest" name="loginTest" time="4.881"/>
</testsuite> <!-- Free CRM App Test Cases -->
