<?xml version="1.0" encoding="UTF-8"?>
<!-- Generated by org.testng.reporters.JUnitXMLReporter -->
<testsuite ignored="0" hostname="DESKTOP-VB773BA" failures="1" tests="6" name="RetryFailesTestCases" time="22.088" errors="0" timestamp="2024-11-23T12:53:30 IST">
  <testcase classname="com.crm.qa.testcases.LoginPageTest" name="pageTitleTest" time="0.04">
    <skipped/>
  </testcase> <!-- pageTitleTest -->
  <testcase classname="com.crm.qa.testcases.LoginPageTest" name="pageTitleTest" time="0.05">
    <skipped/>
  </testcase> <!-- pageTitleTest -->
  <testcase classname="com.crm.qa.testcases.LoginPageTest" name="pageTitleTest" time="0.023">
    <skipped/>
  </testcase> <!-- pageTitleTest -->
  <testcase classname="com.crm.qa.testcases.LoginPageTest" name="pageTitleTest" time="0.055">
    <skipped/>
  </testcase> <!-- pageTitleTest -->
  <testcase classname="com.crm.qa.testcases.LoginPageTest" name="pageTitleTest" time="0.079">
    <failure type="java.lang.AssertionError" message="expected [Let&amp;apos;s shop] but found [Let&amp;apos;s Shop]">
      <![CDATA[java.lang.AssertionError: expected [Let's shop] but found [Let's Shop]
at com.crm.qa.testcases.LoginPageTest.pageTitleTest(LoginPageTest.java:28)
at java.base/java.util.ArrayList.forEach(ArrayList.java:1511)
... Removed 31 stack frames]]>
    </failure>
  </testcase> <!-- pageTitleTest -->
  <testcase classname="com.crm.qa.testcases.LoginPageTest" name="loginTest" time="0.533"/>
</testsuite> <!-- RetryFailesTestCases -->
